+ cd /Users/naquib/Github/depmap-portal/data-prep-pipeline/data_prep_pipeline/state/r37
+ EXIT_STATUS=0
+ '[' 0 == 0 ']'
+ trap 'kill -TERM $PID' TERM INT
+ PID=74270
+ wait 74270
+ python3 /Users/naquib/Github/depmap-portal/data-prep-pipeline/conseq_scripts/predictability/transform_crispr_confounders.py /Users/naquib/Github/depmap-portal/data-prep-pipeline/data_prep_pipeline/state/r30/model.csv internal-24q2-3719.88/AchillesScreenQCReport internal-24q2-3719.88/CRISPRScreensMap crispr_confounders.csv
Traceback (most recent call last):
  File "/Users/naquib/Library/Caches/pypoetry/virtualenvs/data-prep-pipeline-C1Obh63D-py3.9/lib/python3.9/site-packages/taigapy/client_v3.py", line 347, in get
    return self._get(id, only_use_cache=only_use_cache)
  File "/Users/naquib/Library/Caches/pypoetry/virtualenvs/data-prep-pipeline-C1Obh63D-py3.9/lib/python3.9/site-packages/taigapy/client_v3.py", line 357, in _get
    canonical_id = self.get_canonical_id(datafile_id, only_use_cache=only_use_cache)
  File "/Users/naquib/Library/Caches/pypoetry/virtualenvs/data-prep-pipeline-C1Obh63D-py3.9/lib/python3.9/site-packages/taigapy/client_v3.py", line 303, in get_canonical_id
    assert canonical_id is not None
AssertionError

The above exception was the direct cause of the following exception:

Traceback (most recent call last):
  File "/Users/naquib/Github/depmap-portal/data-prep-pipeline/conseq_scripts/predictability/transform_crispr_confounders.py", line 122, in <module>
    crispr_confounder_matrix = process_and_generate_crispr_confounders(
  File "/Users/naquib/Github/depmap-portal/data-prep-pipeline/conseq_scripts/predictability/transform_crispr_confounders.py", line 102, in process_and_generate_crispr_confounders
    crispr_map = tc.get(crispr_screen_map_taiga_id)
  File "/Users/naquib/Library/Caches/pypoetry/virtualenvs/data-prep-pipeline-C1Obh63D-py3.9/lib/python3.9/site-packages/taigapy/client_v3.py", line 349, in get
    raise Exception(
Exception: Got an internal error when trying to get('internal-24q2-3719.88/CRISPRScreensMap')
